<?xml version="1.0" encoding="UTF-8"?>
<!-- Generated by org.testng.reporters.JUnitReportReporter -->
<testsuite skipped="0" hostname="AMAZUQATEST1" name="suite.test.MyAccountTest" tests="5" failures="0" timestamp="13 Jan 2021 04:22:48 GMT" time="243.901" errors="0">
  <testcase name="ma_3" time="36.946" classname="suite.test.MyAccountTest"/>
  <testcase name="ma_4" time="38.051" classname="suite.test.MyAccountTest"/>
  <testcase name="ma_2" time="37.569" classname="suite.test.MyAccountTest"/>
  <testcase name="ma_5" time="36.796" classname="suite.test.MyAccountTest"/>
  <testcase name="ma_1" time="94.539" classname="suite.test.MyAccountTest"/>
</testsuite> <!-- suite.test.MyAccountTest -->
