<?xml version="1.0" encoding="UTF-8"?>
<!-- Generated by org.testng.reporters.JUnitReportReporter -->
<testsuite skipped="5" hostname="AMAZUQATEST1" name="suite.test.LoginTest" tests="6" failures="0" timestamp="23 Feb 2021 10:30:29 GMT" time="35.651" errors="0">
  <testcase name="log" time="35.651" classname="suite.test.LoginTest"/>
  <testcase name="log_1" classname="suite.test.LoginTest">
    <skipped/>
  </testcase> <!-- log_1 -->
  <testcase name="log_2" classname="suite.test.LoginTest">
    <skipped/>
  </testcase> <!-- log_2 -->
  <testcase name="log_5" classname="suite.test.LoginTest">
    <skipped/>
  </testcase> <!-- log_5 -->
  <testcase name="log_3" classname="suite.test.LoginTest">
    <skipped/>
  </testcase> <!-- log_3 -->
  <testcase name="log_4" classname="suite.test.LoginTest">
    <skipped/>
  </testcase> <!-- log_4 -->
</testsuite> <!-- suite.test.LoginTest -->
